\BOOKMARK [0][-]{chapter.1}{\376\377\000I\000n\000t\000r\000o\000d\000u\000\347\000\343\000o}{}% 1
\BOOKMARK [1][-]{section.1.1}{\376\377\000O\000b\000j\000e\000t\000i\000v\000o\000s}{chapter.1}% 2
\BOOKMARK [2][-]{subsection.1.1.1}{\376\377\000O\000b\000j\000e\000t\000i\000v\000o\000\040\000G\000e\000r\000a\000l}{section.1.1}% 3
\BOOKMARK [2][-]{subsection.1.1.2}{\376\377\000O\000b\000j\000e\000t\000i\000v\000o\000s\000\040\000E\000s\000p\000e\000c\000\355\000f\000i\000c\000o\000s}{section.1.1}% 4
\BOOKMARK [1][-]{section.1.2}{\376\377\000O\000r\000g\000a\000n\000i\000z\000a\000\347\000\343\000o\000\040\000d\000o\000\040\000t\000e\000x\000t\000o}{chapter.1}% 5
\BOOKMARK [0][-]{chapter.2}{\376\377\000F\000u\000n\000d\000a\000m\000e\000n\000t\000a\000\347\000\343\000o\000\040\000T\000e\000\363\000r\000i\000c\000a}{}% 6
\BOOKMARK [1][-]{section.2.1}{\376\377\000S\000i\000s\000t\000e\000m\000a\000s\000\040\000C\000N\000C}{chapter.2}% 7
\BOOKMARK [1][-]{section.2.2}{\376\377\000T\000e\000m\000p\000o\000r\000i\000z\000a\000d\000o\000r\000e\000s\000\040\000d\000o\000\040\000S\000T\000M\0003\0002\000L\0004\0007\0005}{chapter.2}% 8
\BOOKMARK [1][-]{section.2.3}{\376\377\000D\000i\000g\000i\000t\000a\000l\000\040\000D\000i\000f\000f\000e\000r\000e\000n\000t\000i\000a\000l\000\040\000A\000n\000a\000l\000y\000z\000e\000r}{chapter.2}% 9
\BOOKMARK [1][-]{section.2.4}{\376\377\000M\000o\000d\000e\000l\000a\000g\000e\000m\000\040\000d\000e\000\040\000m\000o\000t\000o\000r\000e\000s\000\040\000d\000e\000\040\000p\000a\000s\000s\000o}{chapter.2}% 10
\BOOKMARK [1][-]{section.2.5}{\376\377\000C\000o\000n\000t\000r\000o\000l\000a\000d\000o\000r\000\040\000P\000I\000D\000\040\000d\000i\000g\000i\000t\000a\000l}{chapter.2}% 11
\BOOKMARK [1][-]{section.2.6}{\376\377\000I\000n\000t\000e\000g\000r\000a\000\347\000\343\000o\000\040\000P\000I\000D\000-\000D\000D\000A}{chapter.2}% 12
\BOOKMARK [1][-]{section.2.7}{\376\377\000C\000o\000m\000u\000n\000i\000c\000a\000\347\000\343\000o\000\040\000S\000P\000I\000\040\000e\000\040\000U\000S\000A\000R\000T}{chapter.2}% 13
\BOOKMARK [1][-]{section.2.8}{\376\377\000D\000r\000i\000v\000e\000r\000\040\000T\000r\000i\000n\000a\000m\000i\000c\000\040\000T\000M\000C\0005\0001\0006\0000\000\040\000e\000\040\000E\000n\000c\000o\000d\000e\000r\000\040\000T\000M\000C\000S\000-\0002\0008}{chapter.2}% 14
\BOOKMARK [2][-]{subsection.2.8.1}{\376\377\000T\000M\000C\0005\0001\0006\0000}{section.2.8}% 15
\BOOKMARK [2][-]{subsection.2.8.2}{\376\377\000T\000M\000C\000S\000-\0002\0008\000\040\000\050\000T\000r\000i\000n\000a\000m\000i\000c\000/\000A\000n\000a\000l\000o\000g\000\040\000D\000e\000v\000i\000c\000e\000s\000\051}{section.2.8}% 16
\BOOKMARK [2][-]{subsection.2.8.3}{\376\377\000I\000m\000p\000l\000i\000c\000\347\000\365\000e\000s\000\040\000d\000e\000\040\000p\000r\000o\000j\000e\000t\000o}{section.2.8}% 17
\BOOKMARK [1][-]{section.2.9}{\376\377\000R\000e\000g\000i\000s\000t\000r\000o\000s\000\040\000d\000e\000\040\000C\000o\000n\000f\000i\000g\000u\000r\000a\000\347\000\343\000o\000\040\000U\000t\000i\000l\000i\000z\000a\000d\000o\000s}{chapter.2}% 18
\BOOKMARK [2][-]{subsection.2.9.1}{\376\377\000S\000T\000M\0003\0002\000L\0004\0007\0005}{section.2.9}% 19
\BOOKMARK [2][-]{subsection.2.9.2}{\376\377\000T\000M\000C\0005\0001\0006\0000}{section.2.9}% 20
\BOOKMARK [0][-]{chapter.3}{\376\377\000M\000e\000t\000o\000d\000o\000l\000o\000g\000i\000a}{}% 21
\BOOKMARK [1][-]{section.3.1}{\376\377\000R\000o\000t\000e\000i\000r\000o\000\040\000i\000n\000c\000r\000e\000m\000e\000n\000t\000a\000l\000\040\000d\000e\000\040\000b\000r\000i\000n\000g\000-\000u\000p}{chapter.3}% 22
\BOOKMARK [1][-]{section.3.2}{\376\377\000A\000r\000q\000u\000i\000t\000e\000t\000u\000r\000a\000\040\000d\000e\000\040\000s\000o\000f\000t\000w\000a\000r\000e}{chapter.3}% 23
\BOOKMARK [1][-]{section.3.3}{\376\377\000P\000r\000o\000c\000e\000d\000i\000m\000e\000n\000t\000o\000s\000\040\000d\000e\000\040\000t\000e\000s\000t\000e}{chapter.3}% 24
\BOOKMARK [1][-]{section.3.4}{\376\377\000A\000r\000q\000u\000i\000t\000e\000t\000u\000r\000a\000\040\000d\000e\000\040\000H\000a\000r\000d\000w\000a\000r\000e}{chapter.3}% 25
\BOOKMARK [2][-]{subsection.3.4.1}{\376\377\000V\000i\000s\000\343\000o\000\040\000g\000e\000r\000a\000l\000\040\000d\000o\000\040\000s\000i\000s\000t\000e\000m\000a}{section.3.4}% 26
\BOOKMARK [2][-]{subsection.3.4.2}{\376\377\000A\000l\000i\000m\000e\000n\000t\000a\000\347\000\343\000o\000\040\000e\000\040\000E\000M\000C}{section.3.4}% 27
\BOOKMARK [2][-]{subsection.3.4.3}{\376\377\000D\000r\000i\000v\000e\000r\000s\000\040\000T\000M\000C\0005\0001\0006\0000}{section.3.4}% 28
\BOOKMARK [2][-]{subsection.3.4.4}{\376\377\000E\000n\000c\000o\000d\000e\000r\000\040\000\363\000p\000t\000i\000c\000o\000\040\000T\000M\000C\000S\000-\0002\0008}{section.3.4}% 29
\BOOKMARK [2][-]{subsection.3.4.5}{\376\377\000I\000n\000t\000e\000r\000t\000r\000a\000v\000a\000m\000e\000n\000t\000o\000s\000\040\000e\000\040\000s\000e\000g\000u\000r\000a\000n\000\347\000a}{section.3.4}% 30
\BOOKMARK [2][-]{subsection.3.4.6}{\376\377\000P\000C\000B\000,\000\040\000c\000a\000b\000e\000a\000m\000e\000n\000t\000o\000\040\000e\000\040\000m\000o\000n\000t\000a\000g\000e\000m}{section.3.4}% 31
\BOOKMARK [0][-]{chapter.4}{\376\377\000R\000e\000s\000u\000l\000t\000a\000d\000o\000s\000\040\000e\000\040\000D\000i\000s\000c\000u\000s\000s\000\343\000o}{}% 32
\BOOKMARK [1][-]{section.4.1}{\376\377\000D\000e\000s\000e\000m\000p\000e\000n\000h\000o\000\040\000d\000o\000s\000\040\000s\000e\000r\000v\000i\000\347\000o\000s\000\040\000p\000r\000i\000n\000c\000i\000p\000a\000i\000s}{chapter.4}% 33
\BOOKMARK [1][-]{section.4.2}{\376\377\000A\000n\000\341\000l\000i\000s\000e\000\040\000d\000o\000\040\000p\000i\000p\000e\000l\000i\000n\000e\000\040\000S\000P\000I}{chapter.4}% 34
\BOOKMARK [1][-]{section.4.3}{\376\377\000I\000n\000t\000e\000g\000r\000a\000\347\000\343\000o\000\040\000c\000o\000m\000\040\000a\000\040\000R\000a\000s\000p\000b\000e\000r\000r\000y\000\040\000P\000i}{chapter.4}% 35
\BOOKMARK [0][-]{chapter.5}{\376\377\000C\000o\000n\000c\000l\000u\000s\000\343\000o}{}% 36
\BOOKMARK [0][-]{chapter.5}{\376\377\000B\000i\000b\000l\000i\000o\000g\000r\000a\000f\000i\000a}{}% 37
